Build started 4/13/2014 3:29:29 PM.
     1>Project "C:\Users\ssc317fp\Documents\GitHub\SubsequrenceQuery\SubsequenceQuery\SubsequenceQuery\SubsequenceQuery.vcxproj" on node 2 (Build target(s)).
     1>ClCompile:
         C:\Program Files (x86)\Microsoft Visual Studio 11.0\VC\bin\CL.exe /c /IE:\MyPocket\Data\Lesson\File\C++\EIGENDIR /ZI /nologo /W3 /WX- /Od /Oy- /D _MBCS /Gm /EHsc /RTC1 /MDd /GS /fp:precise /Zc:wchar_t /Zc:forScope /Fo"Debug\\" /Fd"Debug\vc110.pdb" /Gd /TP /analyze- /errorReport:prompt ..\..\BPlus_tree.cpp ..\..\GSQ.cpp
         BPlus_tree.cpp
     1>c:\users\ssc317fp\documents\github\subsequrencequery\bplus_tree.cpp : warning C4819: The file contains a character that cannot be represented in the current code page (936). Save the file in Unicode format to prevent data loss
     1>c:\users\ssc317fp\documents\github\subsequrencequery\bplus_tree.h : warning C4819: The file contains a character that cannot be represented in the current code page (936). Save the file in Unicode format to prevent data loss
     1>c:\users\ssc317fp\documents\github\subsequrencequery\bplus_tree.cpp(23): warning C4018: '<' : signed/unsigned mismatch
         Generating Code...
         Skipping... (no relevant changes detected)
         GSQ.cpp
       Link:
         C:\Program Files (x86)\Microsoft Visual Studio 11.0\VC\bin\link.exe /ERRORREPORT:PROMPT /OUT:"C:\Users\ssc317fp\Documents\GitHub\SubsequrenceQuery\SubsequenceQuery\Debug\SubsequenceQuery.exe" /INCREMENTAL /NOLOGO kernel32.lib user32.lib gdi32.lib winspool.lib comdlg32.lib advapi32.lib shell32.lib ole32.lib oleaut32.lib uuid.lib odbc32.lib odbccp32.lib /MANIFEST /MANIFESTUAC:"level='asInvoker' uiAccess='false'" /manifest:embed /DEBUG /PDB:"C:\Users\ssc317fp\Documents\GitHub\SubsequrenceQuery\SubsequenceQuery\Debug\SubsequenceQuery.pdb" /TLBID:1 /DYNAMICBASE /NXCOMPAT /IMPLIB:"C:\Users\ssc317fp\Documents\GitHub\SubsequrenceQuery\SubsequenceQuery\Debug\SubsequenceQuery.lib" /MACHINE:X86 Debug\BPlus_node.obj
         Debug\BPlus_tree.obj
         Debug\BPT.obj
         Debug\Data.obj
         Debug\GSQ.obj
         Debug\SQ.obj
         SubsequenceQuery.vcxproj -> C:\Users\ssc317fp\Documents\GitHub\SubsequrenceQuery\SubsequenceQuery\Debug\SubsequenceQuery.exe
     1>Done Building Project "C:\Users\ssc317fp\Documents\GitHub\SubsequrenceQuery\SubsequenceQuery\SubsequenceQuery\SubsequenceQuery.vcxproj" (Build target(s)).

Build succeeded.

Time Elapsed 00:00:01.29
